<?xml version="1.0" encoding="UTF-8"?>
<testng-results ignored="0" total="1" passed="1" failed="0" skipped="0">
  <reporter-output>
  </reporter-output>
  <suite started-at="2022-03-29T02:45:48 IST" name="Suite" finished-at="2022-03-29T02:46:21 IST" duration-ms="33053">
    <groups>
    </groups>
    <test started-at="2022-03-29T02:45:48 IST" name="Test" finished-at="2022-03-29T02:46:21 IST" duration-ms="33053">
      <class name="tpack.TC001">
        <test-method signature="tc001()[pri:0, instance:tpack.TC001@61862a7f]" started-at="2022-03-29T02:45:48 IST" name="tc001" finished-at="2022-03-29T02:46:21 IST" duration-ms="32980" status="PASS">
          <reporter-output>
          </reporter-output>
        </test-method> <!-- tc001 -->
      </class> <!-- tpack.TC001 -->
    </test> <!-- Test -->
  </suite> <!-- Suite -->
</testng-results>
